<?xml version="1.0" encoding="UTF-8"?>
<!-- Generated by org.testng.reporters.JUnitXMLReporter -->
<testsuite hostname="LAPTOP-R0317NUN" ignored="0" name="Test" tests="7" failures="0" timestamp="2020-08-18T17:35:29 EDT" time="81.431" errors="0">
  <testcase name="verifySignUp" time="0.463" classname="com.qa.testcases.HomeTest"/>
  <testcase name="Login" time="1.479" classname="com.qa.testcases.LoginTest"/>
  <testcase name="Login" time="1.549" classname="com.qa.testcases.LoginTest"/>
  <testcase name="AddPayee" time="4.614" classname="com.qa.testcases.AddPayeeTest"/>
  <testcase name="Login" time="3.379" classname="com.qa.testcases.AddPayeeTest"/>
  <testcase name="Login" time="2.945" classname="com.qa.testcases.AddPayeeTest"/>
  <testcase name="MoneyMapverify" time="9.634" classname="com.qa.testcases.MoneyMapTest"/>
</testsuite> <!-- Test -->
