<?xml version="1.0" encoding="UTF-8"?>
<!-- Generated by org.testng.reporters.JUnitXMLReporter -->
<testsuite hostname="LAPTOP-R0317NUN" ignored="0" name="Test" tests="6" failures="0" timestamp="2020-08-17T17:13:06 EDT" time="59.205" errors="0">
  <testcase name="verifySignUp" time="0.337" classname="com.qa.testcases.HomeTest"/>
  <testcase name="Login" time="1.126" classname="com.qa.testcases.LoginTest"/>
  <testcase name="Login" time="1.198" classname="com.qa.testcases.LoginTest"/>
  <testcase name="AddPayee" time="4.719" classname="com.qa.testcases.AddPayeeTest"/>
  <testcase name="Login" time="2.952" classname="com.qa.testcases.AddPayeeTest"/>
  <testcase name="Login" time="2.542" classname="com.qa.testcases.AddPayeeTest"/>
</testsuite> <!-- Test -->
