<?xml version="1.0" encoding="UTF-8"?>
<!-- Generated by org.testng.reporters.JUnitXMLReporter -->
<testsuite hostname="LAPTOP-R0317NUN" ignored="0" name="Test" tests="6" failures="0" timestamp="2020-08-17T17:31:00 EDT" time="67.122" errors="0">
  <testcase name="verifySignUp" time="0.461" classname="com.qa.testcases.HomeTest"/>
  <testcase name="Login" time="1.472" classname="com.qa.testcases.LoginTest"/>
  <testcase name="Login" time="1.145" classname="com.qa.testcases.LoginTest"/>
  <testcase name="AddPayee" time="4.888" classname="com.qa.testcases.AddPayeeTest"/>
  <testcase name="Login" time="3.001" classname="com.qa.testcases.AddPayeeTest"/>
  <testcase name="Login" time="3.539" classname="com.qa.testcases.AddPayeeTest"/>
</testsuite> <!-- Test -->
