<?xml version="1.0" encoding="UTF-8"?>
<!-- Generated by org.testng.reporters.JUnitXMLReporter -->
<testsuite hostname="LAPTOP-R0317NUN" ignored="0" name="Test" tests="7" failures="0" timestamp="2020-08-18T17:44:26 EDT" time="77.245" errors="0">
  <testcase name="verifySignUp" time="0.621" classname="com.qa.testcases.HomeTest"/>
  <testcase name="Login" time="1.604" classname="com.qa.testcases.LoginTest"/>
  <testcase name="Login" time="1.41" classname="com.qa.testcases.LoginTest"/>
  <testcase name="AddPayee" time="5.288" classname="com.qa.testcases.AddPayeeTest"/>
  <testcase name="Login" time="2.836" classname="com.qa.testcases.AddPayeeTest"/>
  <testcase name="Login" time="2.793" classname="com.qa.testcases.AddPayeeTest"/>
  <testcase name="MoneyMapverify" time="4.331" classname="com.qa.testcases.MoneyMapTest"/>
</testsuite> <!-- Test -->
