<?xml version="1.0" encoding="UTF-8"?>
<testng-results skipped="0" failed="0" ignored="0" total="6" passed="6">
  <reporter-output>
  </reporter-output>
  <suite name="Suite" duration-ms="67122" started-at="2020-08-17T17:29:52 EDT" finished-at="2020-08-17T17:31:00 EDT">
    <groups>
    </groups>
    <test name="Test" duration-ms="67122" started-at="2020-08-17T17:29:52 EDT" finished-at="2020-08-17T17:31:00 EDT">
      <class name="com.qa.testcases.LoginTest">
        <test-method status="PASS" signature="setup()[pri:0, instance:com.qa.testcases.LoginTest@7f9fcf7f]" name="setup" is-config="true" duration-ms="8465" started-at="2020-08-17T17:30:06 EDT" finished-at="2020-08-17T17:30:15 EDT">
          <reporter-output>
          </reporter-output>
        </test-method> <!-- setup -->
        <test-method status="PASS" signature="Login(java.lang.String, java.lang.String)[pri:0, instance:com.qa.testcases.LoginTest@7f9fcf7f]" name="Login" duration-ms="1472" started-at="2020-08-17T17:30:15 EDT" data-provider="getData" finished-at="2020-08-17T17:30:16 EDT">
          <params>
            <param index="0">
              <value>
                <![CDATA[username]]>
              </value>
            </param>
            <param index="1">
              <value>
                <![CDATA[password]]>
              </value>
            </param>
          </params>
          <reporter-output>
          </reporter-output>
        </test-method> <!-- Login -->
        <test-method status="PASS" signature="close()[pri:0, instance:com.qa.testcases.LoginTest@7f9fcf7f]" name="close" is-config="true" duration-ms="974" started-at="2020-08-17T17:30:16 EDT" finished-at="2020-08-17T17:30:17 EDT">
          <reporter-output>
          </reporter-output>
        </test-method> <!-- close -->
        <test-method status="PASS" signature="setup()[pri:0, instance:com.qa.testcases.LoginTest@7f9fcf7f]" name="setup" is-config="true" duration-ms="6740" started-at="2020-08-17T17:30:17 EDT" finished-at="2020-08-17T17:30:24 EDT">
          <reporter-output>
          </reporter-output>
        </test-method> <!-- setup -->
        <test-method status="PASS" signature="Login(java.lang.String, java.lang.String)[pri:0, instance:com.qa.testcases.LoginTest@7f9fcf7f]" name="Login" duration-ms="1145" started-at="2020-08-17T17:30:24 EDT" data-provider="getData" finished-at="2020-08-17T17:30:25 EDT">
          <params>
            <param index="0">
              <value>
                <![CDATA[swetha]]>
              </value>
            </param>
            <param index="1">
              <value>
                <![CDATA[Password45]]>
              </value>
            </param>
          </params>
          <reporter-output>
          </reporter-output>
        </test-method> <!-- Login -->
        <test-method status="PASS" signature="close()[pri:0, instance:com.qa.testcases.LoginTest@7f9fcf7f]" name="close" is-config="true" duration-ms="772" started-at="2020-08-17T17:30:25 EDT" finished-at="2020-08-17T17:30:26 EDT">
          <reporter-output>
          </reporter-output>
        </test-method> <!-- close -->
      </class> <!-- com.qa.testcases.LoginTest -->
      <class name="com.qa.testcases.HomeTest">
        <test-method status="PASS" signature="setUp()[pri:0, instance:com.qa.testcases.HomeTest@44a664f2]" name="setUp" is-config="true" duration-ms="11138" started-at="2020-08-17T17:29:52 EDT" finished-at="2020-08-17T17:30:04 EDT">
          <reporter-output>
          </reporter-output>
        </test-method> <!-- setUp -->
        <test-method status="PASS" signature="verifySignUp()[pri:0, instance:com.qa.testcases.HomeTest@44a664f2]" name="verifySignUp" duration-ms="461" started-at="2020-08-17T17:30:04 EDT" finished-at="2020-08-17T17:30:04 EDT">
          <reporter-output>
          </reporter-output>
        </test-method> <!-- verifySignUp -->
        <test-method status="PASS" signature="close()[pri:0, instance:com.qa.testcases.HomeTest@44a664f2]" name="close" is-config="true" duration-ms="707" started-at="2020-08-17T17:30:04 EDT" finished-at="2020-08-17T17:30:05 EDT">
          <reporter-output>
          </reporter-output>
        </test-method> <!-- close -->
      </class> <!-- com.qa.testcases.HomeTest -->
      <class name="com.qa.testcases.AddPayeeTest">
        <test-method status="PASS" signature="setup()[pri:0, instance:com.qa.testcases.AddPayeeTest@2357d90a]" name="setup" is-config="true" duration-ms="6451" started-at="2020-08-17T17:30:26 EDT" finished-at="2020-08-17T17:30:32 EDT">
          <reporter-output>
          </reporter-output>
        </test-method> <!-- setup -->
        <test-method status="PASS" signature="AddPayee()[pri:0, instance:com.qa.testcases.AddPayeeTest@2357d90a]" name="AddPayee" duration-ms="4888" started-at="2020-08-17T17:30:32 EDT" finished-at="2020-08-17T17:30:37 EDT">
          <reporter-output>
          </reporter-output>
        </test-method> <!-- AddPayee -->
        <test-method status="PASS" signature="tear()[pri:0, instance:com.qa.testcases.AddPayeeTest@2357d90a]" name="tear" is-config="true" duration-ms="1177" started-at="2020-08-17T17:30:37 EDT" finished-at="2020-08-17T17:30:38 EDT">
          <reporter-output>
          </reporter-output>
        </test-method> <!-- tear -->
        <test-method status="PASS" signature="setup()[pri:0, instance:com.qa.testcases.AddPayeeTest@2357d90a]" name="setup" is-config="true" duration-ms="6436" started-at="2020-08-17T17:30:39 EDT" finished-at="2020-08-17T17:30:45 EDT">
          <reporter-output>
          </reporter-output>
        </test-method> <!-- setup -->
        <test-method status="PASS" signature="Login(java.lang.String, java.lang.String)[pri:0, instance:com.qa.testcases.AddPayeeTest@2357d90a]" name="Login" duration-ms="3001" started-at="2020-08-17T17:30:45 EDT" data-provider="getData" finished-at="2020-08-17T17:30:48 EDT">
          <params>
            <param index="0">
              <value>
                <![CDATA[username]]>
              </value>
            </param>
            <param index="1">
              <value>
                <![CDATA[password]]>
              </value>
            </param>
          </params>
          <reporter-output>
          </reporter-output>
        </test-method> <!-- Login -->
        <test-method status="PASS" signature="tear()[pri:0, instance:com.qa.testcases.AddPayeeTest@2357d90a]" name="tear" is-config="true" duration-ms="654" started-at="2020-08-17T17:30:48 EDT" finished-at="2020-08-17T17:30:49 EDT">
          <reporter-output>
          </reporter-output>
        </test-method> <!-- tear -->
        <test-method status="PASS" signature="setup()[pri:0, instance:com.qa.testcases.AddPayeeTest@2357d90a]" name="setup" is-config="true" duration-ms="6550" started-at="2020-08-17T17:30:49 EDT" finished-at="2020-08-17T17:30:55 EDT">
          <reporter-output>
          </reporter-output>
        </test-method> <!-- setup -->
        <test-method status="PASS" signature="Login(java.lang.String, java.lang.String)[pri:0, instance:com.qa.testcases.AddPayeeTest@2357d90a]" name="Login" duration-ms="3539" started-at="2020-08-17T17:30:55 EDT" data-provider="getData" finished-at="2020-08-17T17:30:59 EDT">
          <params>
            <param index="0">
              <value>
                <![CDATA[swetha]]>
              </value>
            </param>
            <param index="1">
              <value>
                <![CDATA[Password45]]>
              </value>
            </param>
          </params>
          <reporter-output>
          </reporter-output>
        </test-method> <!-- Login -->
        <test-method status="PASS" signature="tear()[pri:0, instance:com.qa.testcases.AddPayeeTest@2357d90a]" name="tear" is-config="true" duration-ms="793" started-at="2020-08-17T17:30:59 EDT" finished-at="2020-08-17T17:31:00 EDT">
          <reporter-output>
          </reporter-output>
        </test-method> <!-- tear -->
      </class> <!-- com.qa.testcases.AddPayeeTest -->
    </test> <!-- Test -->
  </suite> <!-- Suite -->
</testng-results>
