<?xml version="1.0" encoding="UTF-8"?>
<testng-results skipped="0" failed="0" ignored="0" total="7" passed="7">
  <reporter-output>
  </reporter-output>
  <suite name="Suite" duration-ms="77245" started-at="2020-08-18T17:43:09 EDT" finished-at="2020-08-18T17:44:26 EDT">
    <groups>
    </groups>
    <test name="Test" duration-ms="77245" started-at="2020-08-18T17:43:09 EDT" finished-at="2020-08-18T17:44:26 EDT">
      <class name="com.qa.testcases.MoneyMapTest">
        <test-method status="PASS" signature="setup()[pri:0, instance:com.qa.testcases.MoneyMapTest@145eaa29]" name="setup" is-config="true" duration-ms="6851" started-at="2020-08-18T17:44:13 EDT" finished-at="2020-08-18T17:44:20 EDT">
          <reporter-output>
          </reporter-output>
        </test-method> <!-- setup -->
        <test-method status="PASS" signature="MoneyMapverify()[pri:0, instance:com.qa.testcases.MoneyMapTest@145eaa29]" name="MoneyMapverify" duration-ms="4331" started-at="2020-08-18T17:44:20 EDT" finished-at="2020-08-18T17:44:24 EDT">
          <reporter-output>
          </reporter-output>
        </test-method> <!-- MoneyMapverify -->
        <test-method status="PASS" signature="tear()[pri:0, instance:com.qa.testcases.MoneyMapTest@145eaa29]" name="tear" is-config="true" duration-ms="1581" started-at="2020-08-18T17:44:24 EDT" finished-at="2020-08-18T17:44:26 EDT">
          <reporter-output>
          </reporter-output>
        </test-method> <!-- tear -->
      </class> <!-- com.qa.testcases.MoneyMapTest -->
      <class name="com.qa.testcases.LoginTest">
        <test-method status="PASS" signature="setup()[pri:0, instance:com.qa.testcases.LoginTest@2357d90a]" name="setup" is-config="true" duration-ms="6689" started-at="2020-08-18T17:43:21 EDT" finished-at="2020-08-18T17:43:28 EDT">
          <reporter-output>
          </reporter-output>
        </test-method> <!-- setup -->
        <test-method status="PASS" signature="Login(java.lang.String, java.lang.String)[pri:0, instance:com.qa.testcases.LoginTest@2357d90a]" name="Login" duration-ms="1604" started-at="2020-08-18T17:43:28 EDT" data-provider="getData" finished-at="2020-08-18T17:43:30 EDT">
          <params>
            <param index="0">
              <value>
                <![CDATA[username]]>
              </value>
            </param>
            <param index="1">
              <value>
                <![CDATA[password]]>
              </value>
            </param>
          </params>
          <reporter-output>
          </reporter-output>
        </test-method> <!-- Login -->
        <test-method status="PASS" signature="close()[pri:0, instance:com.qa.testcases.LoginTest@2357d90a]" name="close" is-config="true" duration-ms="741" started-at="2020-08-18T17:43:30 EDT" finished-at="2020-08-18T17:43:30 EDT">
          <reporter-output>
          </reporter-output>
        </test-method> <!-- close -->
        <test-method status="PASS" signature="setup()[pri:0, instance:com.qa.testcases.LoginTest@2357d90a]" name="setup" is-config="true" duration-ms="6873" started-at="2020-08-18T17:43:30 EDT" finished-at="2020-08-18T17:43:37 EDT">
          <reporter-output>
          </reporter-output>
        </test-method> <!-- setup -->
        <test-method status="PASS" signature="Login(java.lang.String, java.lang.String)[pri:0, instance:com.qa.testcases.LoginTest@2357d90a]" name="Login" duration-ms="1410" started-at="2020-08-18T17:43:37 EDT" data-provider="getData" finished-at="2020-08-18T17:43:39 EDT">
          <params>
            <param index="0">
              <value>
                <![CDATA[swetha]]>
              </value>
            </param>
            <param index="1">
              <value>
                <![CDATA[Password45]]>
              </value>
            </param>
          </params>
          <reporter-output>
          </reporter-output>
        </test-method> <!-- Login -->
        <test-method status="PASS" signature="close()[pri:0, instance:com.qa.testcases.LoginTest@2357d90a]" name="close" is-config="true" duration-ms="695" started-at="2020-08-18T17:43:39 EDT" finished-at="2020-08-18T17:43:39 EDT">
          <reporter-output>
          </reporter-output>
        </test-method> <!-- close -->
      </class> <!-- com.qa.testcases.LoginTest -->
      <class name="com.qa.testcases.HomeTest">
        <test-method status="PASS" signature="setUp()[pri:0, instance:com.qa.testcases.HomeTest@7f9fcf7f]" name="setUp" is-config="true" duration-ms="9979" started-at="2020-08-18T17:43:09 EDT" finished-at="2020-08-18T17:43:19 EDT">
          <reporter-output>
          </reporter-output>
        </test-method> <!-- setUp -->
        <test-method status="PASS" signature="verifySignUp()[pri:0, instance:com.qa.testcases.HomeTest@7f9fcf7f]" name="verifySignUp" duration-ms="621" started-at="2020-08-18T17:43:19 EDT" finished-at="2020-08-18T17:43:19 EDT">
          <reporter-output>
          </reporter-output>
        </test-method> <!-- verifySignUp -->
        <test-method status="PASS" signature="close()[pri:0, instance:com.qa.testcases.HomeTest@7f9fcf7f]" name="close" is-config="true" duration-ms="725" started-at="2020-08-18T17:43:19 EDT" finished-at="2020-08-18T17:43:20 EDT">
          <reporter-output>
          </reporter-output>
        </test-method> <!-- close -->
      </class> <!-- com.qa.testcases.HomeTest -->
      <class name="com.qa.testcases.AddPayeeTest">
        <test-method status="PASS" signature="setup()[pri:0, instance:com.qa.testcases.AddPayeeTest@6328d34a]" name="setup" is-config="true" duration-ms="6881" started-at="2020-08-18T17:43:39 EDT" finished-at="2020-08-18T17:43:46 EDT">
          <reporter-output>
          </reporter-output>
        </test-method> <!-- setup -->
        <test-method status="PASS" signature="AddPayee()[pri:0, instance:com.qa.testcases.AddPayeeTest@6328d34a]" name="AddPayee" duration-ms="5288" started-at="2020-08-18T17:43:46 EDT" finished-at="2020-08-18T17:43:52 EDT">
          <reporter-output>
          </reporter-output>
        </test-method> <!-- AddPayee -->
        <test-method status="PASS" signature="tear()[pri:0, instance:com.qa.testcases.AddPayeeTest@6328d34a]" name="tear" is-config="true" duration-ms="914" started-at="2020-08-18T17:43:52 EDT" finished-at="2020-08-18T17:43:53 EDT">
          <reporter-output>
          </reporter-output>
        </test-method> <!-- tear -->
        <test-method status="PASS" signature="setup()[pri:0, instance:com.qa.testcases.AddPayeeTest@6328d34a]" name="setup" is-config="true" duration-ms="6883" started-at="2020-08-18T17:43:53 EDT" finished-at="2020-08-18T17:44:00 EDT">
          <reporter-output>
          </reporter-output>
        </test-method> <!-- setup -->
        <test-method status="PASS" signature="Login(java.lang.String, java.lang.String)[pri:0, instance:com.qa.testcases.AddPayeeTest@6328d34a]" name="Login" duration-ms="2836" started-at="2020-08-18T17:44:00 EDT" data-provider="getData" finished-at="2020-08-18T17:44:02 EDT">
          <params>
            <param index="0">
              <value>
                <![CDATA[username]]>
              </value>
            </param>
            <param index="1">
              <value>
                <![CDATA[password]]>
              </value>
            </param>
          </params>
          <reporter-output>
          </reporter-output>
        </test-method> <!-- Login -->
        <test-method status="PASS" signature="tear()[pri:0, instance:com.qa.testcases.AddPayeeTest@6328d34a]" name="tear" is-config="true" duration-ms="702" started-at="2020-08-18T17:44:02 EDT" finished-at="2020-08-18T17:44:03 EDT">
          <reporter-output>
          </reporter-output>
        </test-method> <!-- tear -->
        <test-method status="PASS" signature="setup()[pri:0, instance:com.qa.testcases.AddPayeeTest@6328d34a]" name="setup" is-config="true" duration-ms="6583" started-at="2020-08-18T17:44:03 EDT" finished-at="2020-08-18T17:44:10 EDT">
          <reporter-output>
          </reporter-output>
        </test-method> <!-- setup -->
        <test-method status="PASS" signature="Login(java.lang.String, java.lang.String)[pri:0, instance:com.qa.testcases.AddPayeeTest@6328d34a]" name="Login" duration-ms="2793" started-at="2020-08-18T17:44:10 EDT" data-provider="getData" finished-at="2020-08-18T17:44:13 EDT">
          <params>
            <param index="0">
              <value>
                <![CDATA[swetha]]>
              </value>
            </param>
            <param index="1">
              <value>
                <![CDATA[Password45]]>
              </value>
            </param>
          </params>
          <reporter-output>
          </reporter-output>
        </test-method> <!-- Login -->
        <test-method status="PASS" signature="tear()[pri:0, instance:com.qa.testcases.AddPayeeTest@6328d34a]" name="tear" is-config="true" duration-ms="694" started-at="2020-08-18T17:44:13 EDT" finished-at="2020-08-18T17:44:13 EDT">
          <reporter-output>
          </reporter-output>
        </test-method> <!-- tear -->
      </class> <!-- com.qa.testcases.AddPayeeTest -->
    </test> <!-- Test -->
  </suite> <!-- Suite -->
</testng-results>
