<?xml version="1.0" encoding="UTF-8"?>
<testsuite xmlns:xsi="http://www.w3.org/2001/XMLSchema-instance" xsi:noNamespaceSchemaLocation="https://maven.apache.org/surefire/maven-surefire-plugin/xsd/surefire-test-report-3.0.xsd" version="3.0" name="TestSuite" time="79.009" tests="7" errors="0" skipped="0" failures="0">
  <properties>
[...]
</properties>
  <testcase name="verifySignUp" classname="com.qa.testcases.HomeTest" time="0.313">
    <system-out><![CDATA[08-18-2020 17:43:09 InternalLoggerFactory.java DEBUG [main] logging.InternalLoggerFactory 53 - Using Log4J as the default logging framework
08-18-2020 17:43:09 ResourceLeakDetector.java DEBUG [main] util.ResourceLeakDetector 130 - -Dio.netty.leakDetection.level: simple
08-18-2020 17:43:09 ResourceLeakDetector.java DEBUG [main] util.ResourceLeakDetector 131 - -Dio.netty.leakDetection.targetRecords: 4
08-18-2020 17:43:09 ResourceLeakDetectorFactory.java DEBUG [main] util.ResourceLeakDetectorFactory 195 - Loaded default ResourceLeakDetector: io.netty.util.ResourceLeakDetector@4e08711f
08-18-2020 17:43:09 PlatformDependent.java DEBUG [main] internal.PlatformDependent 1015 - Platform: Windows
08-18-2020 17:43:09 PlatformDependent0.java DEBUG [main] internal.PlatformDependent0 408 - -Dio.netty.noUnsafe: false
08-18-2020 17:43:09 PlatformDependent0.java DEBUG [main] internal.PlatformDependent0 876 - Java version: 8
08-18-2020 17:43:09 PlatformDependent0.java DEBUG [main] internal.PlatformDependent0 125 - sun.misc.Unsafe.theUnsafe: available
08-18-2020 17:43:09 PlatformDependent0.java DEBUG [main] internal.PlatformDependent0 149 - sun.misc.Unsafe.copyMemory: available
08-18-2020 17:43:09 PlatformDependent0.java DEBUG [main] internal.PlatformDependent0 187 - java.nio.Buffer.address: available
08-18-2020 17:43:09 PlatformDependent0.java DEBUG [main] internal.PlatformDependent0 252 - direct buffer constructor: available
08-18-2020 17:43:09 PlatformDependent0.java DEBUG [main] internal.PlatformDependent0 326 - java.nio.Bits.unaligned: available, true
08-18-2020 17:43:09 PlatformDependent0.java DEBUG [main] internal.PlatformDependent0 391 - jdk.internal.misc.Unsafe.allocateUninitializedArray(int): unavailable prior to Java9
08-18-2020 17:43:09 PlatformDependent0.java DEBUG [main] internal.PlatformDependent0 398 - java.nio.DirectByteBuffer.<init>(long, int): available
08-18-2020 17:43:09 PlatformDependent.java DEBUG [main] internal.PlatformDependent 1058 - sun.misc.Unsafe: available
08-18-2020 17:43:09 PlatformDependent.java DEBUG [main] internal.PlatformDependent 1177 - -Dio.netty.tmpdir: C:\Users\swetha\AppData\Local\Temp (java.io.tmpdir)
08-18-2020 17:43:09 PlatformDependent.java DEBUG [main] internal.PlatformDependent 1256 - -Dio.netty.bitMode: 64 (sun.arch.data.model)
08-18-2020 17:43:09 PlatformDependent.java DEBUG [main] internal.PlatformDependent 177 - -Dio.netty.maxDirectMemory: 1890582528 bytes
08-18-2020 17:43:09 PlatformDependent.java DEBUG [main] internal.PlatformDependent 184 - -Dio.netty.uninitializedArrayAllocationThreshold: -1
08-18-2020 17:43:09 CleanerJava6.java DEBUG [main] internal.CleanerJava6 92 - java.nio.ByteBuffer.cleaner(): available
08-18-2020 17:43:09 PlatformDependent.java DEBUG [main] internal.PlatformDependent 204 - -Dio.netty.noPreferDirect: false
08-18-2020 17:43:09 PlatformDependent.java DEBUG [main] internal.PlatformDependent 919 - org.jctools-core.MpscChunkedArrayQueue: available
08-18-2020 17:43:10 JdkSslContext.java DEBUG [main] ssl.JdkSslContext 96 - Default protocols (JDK): [TLSv1.2, TLSv1.1, TLSv1] 
08-18-2020 17:43:10 JdkSslContext.java DEBUG [main] ssl.JdkSslContext 97 - Default cipher suites (JDK): [TLS_ECDHE_ECDSA_WITH_AES_256_GCM_SHA384, TLS_ECDHE_ECDSA_WITH_AES_128_GCM_SHA256, TLS_ECDHE_RSA_WITH_AES_128_GCM_SHA256, TLS_ECDHE_RSA_WITH_AES_256_GCM_SHA384, TLS_ECDHE_RSA_WITH_AES_128_CBC_SHA, TLS_ECDHE_RSA_WITH_AES_256_CBC_SHA, TLS_RSA_WITH_AES_128_GCM_SHA256, TLS_RSA_WITH_AES_128_CBC_SHA, TLS_RSA_WITH_AES_256_CBC_SHA]
08-18-2020 17:43:10 InternalThreadLocalMap.java DEBUG [main] internal.InternalThreadLocalMap 56 - -Dio.netty.threadLocalMap.stringBuilder.initialSize: 1024
08-18-2020 17:43:10 InternalThreadLocalMap.java DEBUG [main] internal.InternalThreadLocalMap 59 - -Dio.netty.threadLocalMap.stringBuilder.maxSize: 4096
08-18-2020 17:43:10 MultithreadEventLoopGroup.java DEBUG [main] channel.MultithreadEventLoopGroup 44 - -Dio.netty.eventLoopThreads: 8
08-18-2020 17:43:10 NioEventLoop.java DEBUG [main] nio.NioEventLoop 106 - -Dio.netty.noKeySetOptimization: false
08-18-2020 17:43:10 NioEventLoop.java DEBUG [main] nio.NioEventLoop 107 - -Dio.netty.selectorAutoRebuildThreshold: 512
08-18-2020 17:43:10 PooledByteBufAllocator.java DEBUG [main] buffer.PooledByteBufAllocator 156 - -Dio.netty.allocator.numHeapArenas: 8
08-18-2020 17:43:10 PooledByteBufAllocator.java DEBUG [main] buffer.PooledByteBufAllocator 157 - -Dio.netty.allocator.numDirectArenas: 8
08-18-2020 17:43:10 PooledByteBufAllocator.java DEBUG [main] buffer.PooledByteBufAllocator 159 - -Dio.netty.allocator.pageSize: 8192
08-18-2020 17:43:10 PooledByteBufAllocator.java DEBUG [main] buffer.PooledByteBufAllocator 164 - -Dio.netty.allocator.maxOrder: 11
08-18-2020 17:43:10 PooledByteBufAllocator.java DEBUG [main] buffer.PooledByteBufAllocator 168 - -Dio.netty.allocator.chunkSize: 16777216
08-18-2020 17:43:10 PooledByteBufAllocator.java DEBUG [main] buffer.PooledByteBufAllocator 169 - -Dio.netty.allocator.tinyCacheSize: 512
08-18-2020 17:43:10 PooledByteBufAllocator.java DEBUG [main] buffer.PooledByteBufAllocator 170 - -Dio.netty.allocator.smallCacheSize: 256
08-18-2020 17:43:10 PooledByteBufAllocator.java DEBUG [main] buffer.PooledByteBufAllocator 171 - -Dio.netty.allocator.normalCacheSize: 64
08-18-2020 17:43:10 PooledByteBufAllocator.java DEBUG [main] buffer.PooledByteBufAllocator 172 - -Dio.netty.allocator.maxCachedBufferCapacity: 32768
08-18-2020 17:43:10 PooledByteBufAllocator.java DEBUG [main] buffer.PooledByteBufAllocator 173 - -Dio.netty.allocator.cacheTrimInterval: 8192
08-18-2020 17:43:10 PooledByteBufAllocator.java DEBUG [main] buffer.PooledByteBufAllocator 174 - -Dio.netty.allocator.cacheTrimIntervalMillis: 0
08-18-2020 17:43:10 PooledByteBufAllocator.java DEBUG [main] buffer.PooledByteBufAllocator 175 - -Dio.netty.allocator.useCacheForAllThreads: true
08-18-2020 17:43:10 PooledByteBufAllocator.java DEBUG [main] buffer.PooledByteBufAllocator 176 - -Dio.netty.allocator.maxCachedByteBuffersPerChunk: 1023
08-18-2020 17:43:10 ByteBufUtil.java DEBUG [main] buffer.ByteBufUtil 86 - -Dio.netty.allocator.type: pooled
08-18-2020 17:43:10 ByteBufUtil.java DEBUG [main] buffer.ByteBufUtil 95 - -Dio.netty.threadLocalDirectBufferSize: 0
08-18-2020 17:43:10 ByteBufUtil.java DEBUG [main] buffer.ByteBufUtil 98 - -Dio.netty.maxThreadLocalCharBufferSize: 16384
08-18-2020 17:43:11 DefaultChannelId.java DEBUG [Forwarding newSession on session null to remote] channel.DefaultChannelId 79 - -Dio.netty.processId: 24032 (auto-detected)
08-18-2020 17:43:11 NetUtil.java DEBUG [Forwarding newSession on session null to remote] util.NetUtil 139 - -Djava.net.preferIPv4Stack: false
08-18-2020 17:43:11 NetUtil.java DEBUG [Forwarding newSession on session null to remote] util.NetUtil 140 - -Djava.net.preferIPv6Addresses: false
08-18-2020 17:43:12 NetUtil.java DEBUG [Forwarding newSession on session null to remote] util.NetUtil 224 - Loopback interface: lo (Software Loopback Interface 1, 127.0.0.1)
08-18-2020 17:43:12 NetUtil.java DEBUG [Forwarding newSession on session null to remote] util.NetUtil 289 - Failed to get SOMAXCONN from sysctl and file \proc\sys\net\core\somaxconn. Default: 200
08-18-2020 17:43:12 DefaultChannelId.java DEBUG [Forwarding newSession on session null to remote] channel.DefaultChannelId 101 - -Dio.netty.machineId: f8:94:c2:ff:fe:49:06:dd (auto-detected)
08-18-2020 17:43:12 AbstractByteBuf.java DEBUG [AsyncHttpClient-3-1] buffer.AbstractByteBuf 63 - -Dio.netty.buffer.checkAccessible: true
08-18-2020 17:43:12 AbstractByteBuf.java DEBUG [AsyncHttpClient-3-1] buffer.AbstractByteBuf 64 - -Dio.netty.buffer.checkBounds: true
08-18-2020 17:43:12 ResourceLeakDetectorFactory.java DEBUG [AsyncHttpClient-3-1] util.ResourceLeakDetectorFactory 195 - Loaded default ResourceLeakDetector: io.netty.util.ResourceLeakDetector@52b80a36
08-18-2020 17:43:12 Recycler.java DEBUG [AsyncHttpClient-3-1] util.Recycler 97 - -Dio.netty.recycler.maxCapacityPerThread: 4096
08-18-2020 17:43:12 Recycler.java DEBUG [AsyncHttpClient-3-1] util.Recycler 98 - -Dio.netty.recycler.maxSharedCapacityFactor: 2
08-18-2020 17:43:12 Recycler.java DEBUG [AsyncHttpClient-3-1] util.Recycler 99 - -Dio.netty.recycler.linkCapacity: 16
08-18-2020 17:43:12 Recycler.java DEBUG [AsyncHttpClient-3-1] util.Recycler 100 - -Dio.netty.recycler.ratio: 8
08-18-2020 17:43:16 ThreadLocalRandom.java DEBUG [main] internal.ThreadLocalRandom 212 - -Dio.netty.initialSeedUniquifier: 0x8f2b1227742d89a5
08-18-2020 17:43:17 Base.java DEBUG [main] base.Base 55 - hit the url
]]></system-out>
    <system-err><![CDATA[SLF4J: Failed to load class "org.slf4j.impl.StaticLoggerBinder".
SLF4J: Defaulting to no-operation (NOP) logger implementation
SLF4J: See http://www.slf4j.org/codes.html#StaticLoggerBinder for further details.
Starting ChromeDriver 83.0.4103.39 (ccbf011cb2d2b19b506d844400483861342c20cd-refs/branch-heads/4103@{#416}) on port 41976
Only local connections are allowed.
Please see https://chromedriver.chromium.org/security-considerations for suggestions on keeping ChromeDriver safe.
ChromeDriver was started successfully.
[1597786993.805][WARNING]: This version of ChromeDriver has not been tested with Chrome version 84.
Aug 18, 2020 5:43:15 PM org.openqa.selenium.remote.ProtocolHandshake createSession
INFO: Detected dialect: W3C
]]></system-err>
  </testcase>
  <testcase name="Login[username, password](1)" classname="com.qa.testcases.LoginTest" time="1.594">
    <system-out><![CDATA[08-18-2020 17:43:26 Base.java DEBUG [main] base.Base 55 - hit the url
]]></system-out>
    <system-err><![CDATA[Starting ChromeDriver 83.0.4103.39 (ccbf011cb2d2b19b506d844400483861342c20cd-refs/branch-heads/4103@{#416}) on port 11553
Only local connections are allowed.
Please see https://chromedriver.chromium.org/security-considerations for suggestions on keeping ChromeDriver safe.
ChromeDriver was started successfully.
[1597787003.402][WARNING]: This version of ChromeDriver has not been tested with Chrome version 84.
Aug 18, 2020 5:43:25 PM org.openqa.selenium.remote.ProtocolHandshake createSession
INFO: Detected dialect: W3C
]]></system-err>
  </testcase>
  <testcase name="Login[swetha, Password45](2)" classname="com.qa.testcases.LoginTest" time="1.397">
    <system-out><![CDATA[08-18-2020 17:43:35 Base.java DEBUG [main] base.Base 55 - hit the url
]]></system-out>
    <system-err><![CDATA[Starting ChromeDriver 83.0.4103.39 (ccbf011cb2d2b19b506d844400483861342c20cd-refs/branch-heads/4103@{#416}) on port 17849
Only local connections are allowed.
Please see https://chromedriver.chromium.org/security-considerations for suggestions on keeping ChromeDriver safe.
ChromeDriver was started successfully.
[1597787012.658][WARNING]: This version of ChromeDriver has not been tested with Chrome version 84.
Aug 18, 2020 5:43:34 PM org.openqa.selenium.remote.ProtocolHandshake createSession
INFO: Detected dialect: W3C
]]></system-err>
  </testcase>
  <testcase name="AddPayee" classname="com.qa.testcases.AddPayeeTest" time="5.266">
    <system-out><![CDATA[08-18-2020 17:43:44 Base.java DEBUG [main] base.Base 55 - hit the url
]]></system-out>
    <system-err><![CDATA[Starting ChromeDriver 83.0.4103.39 (ccbf011cb2d2b19b506d844400483861342c20cd-refs/branch-heads/4103@{#416}) on port 37427
Only local connections are allowed.
Please see https://chromedriver.chromium.org/security-considerations for suggestions on keeping ChromeDriver safe.
ChromeDriver was started successfully.
[1597787021.608][WARNING]: This version of ChromeDriver has not been tested with Chrome version 84.
Aug 18, 2020 5:43:43 PM org.openqa.selenium.remote.ProtocolHandshake createSession
INFO: Detected dialect: W3C
]]></system-err>
  </testcase>
  <testcase name="Login[username, password](1)" classname="com.qa.testcases.AddPayeeTest" time="2.828">
    <system-out><![CDATA[08-18-2020 17:43:57 Base.java DEBUG [main] base.Base 55 - hit the url
ee
]]></system-out>
    <system-err><![CDATA[Starting ChromeDriver 83.0.4103.39 (ccbf011cb2d2b19b506d844400483861342c20cd-refs/branch-heads/4103@{#416}) on port 37188
Only local connections are allowed.
Please see https://chromedriver.chromium.org/security-considerations for suggestions on keeping ChromeDriver safe.
ChromeDriver was started successfully.
[1597787034.897][WARNING]: This version of ChromeDriver has not been tested with Chrome version 84.
Aug 18, 2020 5:43:56 PM org.openqa.selenium.remote.ProtocolHandshake createSession
INFO: Detected dialect: W3C
]]></system-err>
  </testcase>
  <testcase name="Login[swetha, Password45](2)" classname="com.qa.testcases.AddPayeeTest" time="2.775">
    <system-out><![CDATA[08-18-2020 17:44:08 Base.java DEBUG [main] base.Base 55 - hit the url
ee
]]></system-out>
    <system-err><![CDATA[Starting ChromeDriver 83.0.4103.39 (ccbf011cb2d2b19b506d844400483861342c20cd-refs/branch-heads/4103@{#416}) on port 28557
Only local connections are allowed.
Please see https://chromedriver.chromium.org/security-considerations for suggestions on keeping ChromeDriver safe.
ChromeDriver was started successfully.
[1597787045.134][WARNING]: This version of ChromeDriver has not been tested with Chrome version 84.
Aug 18, 2020 5:44:07 PM org.openqa.selenium.remote.ProtocolHandshake createSession
INFO: Detected dialect: W3C
]]></system-err>
  </testcase>
  <testcase name="MoneyMapverify" classname="com.qa.testcases.MoneyMapTest" time="4.298">
    <system-out><![CDATA[08-18-2020 17:44:18 Base.java DEBUG [main] base.Base 55 - hit the url
]]></system-out>
    <system-err><![CDATA[Starting ChromeDriver 83.0.4103.39 (ccbf011cb2d2b19b506d844400483861342c20cd-refs/branch-heads/4103@{#416}) on port 38807
Only local connections are allowed.
Please see https://chromedriver.chromium.org/security-considerations for suggestions on keeping ChromeDriver safe.
ChromeDriver was started successfully.
[1597787055.419][WARNING]: This version of ChromeDriver has not been tested with Chrome version 84.
Aug 18, 2020 5:44:17 PM org.openqa.selenium.remote.ProtocolHandshake createSession
INFO: Detected dialect: W3C
]]></system-err>
  </testcase>
</testsuite>