<?xml version="1.0" encoding="UTF-8"?>
<testng-results skipped="0" failed="0" ignored="0" total="6" passed="6">
  <reporter-output>
  </reporter-output>
  <suite name="Suite" duration-ms="59205" started-at="2020-08-17T17:12:07 EDT" finished-at="2020-08-17T17:13:06 EDT">
    <groups>
    </groups>
    <test name="Test" duration-ms="59205" started-at="2020-08-17T17:12:07 EDT" finished-at="2020-08-17T17:13:06 EDT">
      <class name="com.qa.testcases.LoginTest">
        <test-method status="PASS" signature="setup()[pri:0, instance:com.qa.testcases.LoginTest@327b636c]" name="setup" is-config="true" duration-ms="6621" started-at="2020-08-17T17:12:17 EDT" finished-at="2020-08-17T17:12:23 EDT">
          <reporter-output>
          </reporter-output>
        </test-method> <!-- setup -->
        <test-method status="PASS" signature="Login(java.lang.String, java.lang.String)[pri:0, instance:com.qa.testcases.LoginTest@327b636c]" name="Login" duration-ms="1126" started-at="2020-08-17T17:12:23 EDT" data-provider="getData" finished-at="2020-08-17T17:12:24 EDT">
          <params>
            <param index="0">
              <value>
                <![CDATA[username]]>
              </value>
            </param>
            <param index="1">
              <value>
                <![CDATA[password]]>
              </value>
            </param>
          </params>
          <reporter-output>
          </reporter-output>
        </test-method> <!-- Login -->
        <test-method status="PASS" signature="close()[pri:0, instance:com.qa.testcases.LoginTest@327b636c]" name="close" is-config="true" duration-ms="722" started-at="2020-08-17T17:12:24 EDT" finished-at="2020-08-17T17:12:25 EDT">
          <reporter-output>
          </reporter-output>
        </test-method> <!-- close -->
        <test-method status="PASS" signature="setup()[pri:0, instance:com.qa.testcases.LoginTest@327b636c]" name="setup" is-config="true" duration-ms="6380" started-at="2020-08-17T17:12:25 EDT" finished-at="2020-08-17T17:12:31 EDT">
          <reporter-output>
          </reporter-output>
        </test-method> <!-- setup -->
        <test-method status="PASS" signature="Login(java.lang.String, java.lang.String)[pri:0, instance:com.qa.testcases.LoginTest@327b636c]" name="Login" duration-ms="1198" started-at="2020-08-17T17:12:31 EDT" data-provider="getData" finished-at="2020-08-17T17:12:33 EDT">
          <params>
            <param index="0">
              <value>
                <![CDATA[swetha]]>
              </value>
            </param>
            <param index="1">
              <value>
                <![CDATA[Password45]]>
              </value>
            </param>
          </params>
          <reporter-output>
          </reporter-output>
        </test-method> <!-- Login -->
        <test-method status="PASS" signature="close()[pri:0, instance:com.qa.testcases.LoginTest@327b636c]" name="close" is-config="true" duration-ms="782" started-at="2020-08-17T17:12:33 EDT" finished-at="2020-08-17T17:12:33 EDT">
          <reporter-output>
          </reporter-output>
        </test-method> <!-- close -->
      </class> <!-- com.qa.testcases.LoginTest -->
      <class name="com.qa.testcases.HomeTest">
        <test-method status="PASS" signature="setUp()[pri:0, instance:com.qa.testcases.HomeTest@6ab7a896]" name="setUp" is-config="true" duration-ms="8159" started-at="2020-08-17T17:12:07 EDT" finished-at="2020-08-17T17:12:15 EDT">
          <reporter-output>
          </reporter-output>
        </test-method> <!-- setUp -->
        <test-method status="PASS" signature="verifySignUp()[pri:0, instance:com.qa.testcases.HomeTest@6ab7a896]" name="verifySignUp" duration-ms="337" started-at="2020-08-17T17:12:15 EDT" finished-at="2020-08-17T17:12:15 EDT">
          <reporter-output>
          </reporter-output>
        </test-method> <!-- verifySignUp -->
        <test-method status="PASS" signature="close()[pri:0, instance:com.qa.testcases.HomeTest@6ab7a896]" name="close" is-config="true" duration-ms="730" started-at="2020-08-17T17:12:15 EDT" finished-at="2020-08-17T17:12:16 EDT">
          <reporter-output>
          </reporter-output>
        </test-method> <!-- close -->
      </class> <!-- com.qa.testcases.HomeTest -->
      <class name="com.qa.testcases.AddPayeeTest">
        <test-method status="PASS" signature="setup()[pri:0, instance:com.qa.testcases.AddPayeeTest@45dd4eda]" name="setup" is-config="true" duration-ms="6783" started-at="2020-08-17T17:12:33 EDT" finished-at="2020-08-17T17:12:40 EDT">
          <reporter-output>
          </reporter-output>
        </test-method> <!-- setup -->
        <test-method status="PASS" signature="AddPayee()[pri:0, instance:com.qa.testcases.AddPayeeTest@45dd4eda]" name="AddPayee" duration-ms="4719" started-at="2020-08-17T17:12:40 EDT" finished-at="2020-08-17T17:12:45 EDT">
          <reporter-output>
          </reporter-output>
        </test-method> <!-- AddPayee -->
        <test-method status="PASS" signature="tear()[pri:0, instance:com.qa.testcases.AddPayeeTest@45dd4eda]" name="tear" is-config="true" duration-ms="741" started-at="2020-08-17T17:12:45 EDT" finished-at="2020-08-17T17:12:46 EDT">
          <reporter-output>
          </reporter-output>
        </test-method> <!-- tear -->
        <test-method status="PASS" signature="setup()[pri:0, instance:com.qa.testcases.AddPayeeTest@45dd4eda]" name="setup" is-config="true" duration-ms="6338" started-at="2020-08-17T17:12:46 EDT" finished-at="2020-08-17T17:12:52 EDT">
          <reporter-output>
          </reporter-output>
        </test-method> <!-- setup -->
        <test-method status="PASS" signature="Login(java.lang.String, java.lang.String)[pri:0, instance:com.qa.testcases.AddPayeeTest@45dd4eda]" name="Login" duration-ms="2952" started-at="2020-08-17T17:12:52 EDT" data-provider="getData" finished-at="2020-08-17T17:12:55 EDT">
          <params>
            <param index="0">
              <value>
                <![CDATA[username]]>
              </value>
            </param>
            <param index="1">
              <value>
                <![CDATA[password]]>
              </value>
            </param>
          </params>
          <reporter-output>
          </reporter-output>
        </test-method> <!-- Login -->
        <test-method status="PASS" signature="tear()[pri:0, instance:com.qa.testcases.AddPayeeTest@45dd4eda]" name="tear" is-config="true" duration-ms="734" started-at="2020-08-17T17:12:55 EDT" finished-at="2020-08-17T17:12:56 EDT">
          <reporter-output>
          </reporter-output>
        </test-method> <!-- tear -->
        <test-method status="PASS" signature="setup()[pri:0, instance:com.qa.testcases.AddPayeeTest@45dd4eda]" name="setup" is-config="true" duration-ms="6525" started-at="2020-08-17T17:12:56 EDT" finished-at="2020-08-17T17:13:02 EDT">
          <reporter-output>
          </reporter-output>
        </test-method> <!-- setup -->
        <test-method status="PASS" signature="Login(java.lang.String, java.lang.String)[pri:0, instance:com.qa.testcases.AddPayeeTest@45dd4eda]" name="Login" duration-ms="2542" started-at="2020-08-17T17:13:02 EDT" data-provider="getData" finished-at="2020-08-17T17:13:05 EDT">
          <params>
            <param index="0">
              <value>
                <![CDATA[swetha]]>
              </value>
            </param>
            <param index="1">
              <value>
                <![CDATA[Password45]]>
              </value>
            </param>
          </params>
          <reporter-output>
          </reporter-output>
        </test-method> <!-- Login -->
        <test-method status="PASS" signature="tear()[pri:0, instance:com.qa.testcases.AddPayeeTest@45dd4eda]" name="tear" is-config="true" duration-ms="887" started-at="2020-08-17T17:13:05 EDT" finished-at="2020-08-17T17:13:06 EDT">
          <reporter-output>
          </reporter-output>
        </test-method> <!-- tear -->
      </class> <!-- com.qa.testcases.AddPayeeTest -->
    </test> <!-- Test -->
  </suite> <!-- Suite -->
</testng-results>
